<?xml version="1.0" encoding="UTF-8"?>
<testsuite xmlns:xsi="http://www.w3.org/2001/XMLSchema-instance" xsi:noNamespaceSchemaLocation="https://maven.apache.org/surefire/maven-surefire-plugin/xsd/surefire-test-report-3.0.xsd" version="3.0" name="fr.sauvageboris.ApplicationTests" time="8.547" tests="1" errors="0" skipped="0" failures="0">
  <properties>
[...]
</properties>
  <testcase name="contextLoads" classname="fr.sauvageboris.ApplicationTests" time="0.646">
    <system-out><![CDATA[08:26:51.912 [main] INFO org.springframework.test.context.support.AnnotationConfigContextLoaderUtils -- Could not detect default configuration classes for test class [fr.sauvageboris.ApplicationTests]: ApplicationTests does not declare any static, non-private, non-final, nested classes annotated with @Configuration.
08:26:52.045 [main] INFO org.springframework.boot.test.context.SpringBootTestContextBootstrapper -- Found @SpringBootConfiguration fr.sauvageboris.Application for test class fr.sauvageboris.ApplicationTests

  .   ____          _            __ _ _
 /\\ / ___'_ __ _ _(_)_ __  __ _ \ \ \ \
( ( )\___ | '_ | '_| | '_ \/ _` | \ \ \ \
 \\/  ___)| |_)| | | | | || (_| |  ) ) ) )
  '  |____| .__|_| |_|_| |_\__, | / / / /
 =========|_|==============|___/=/_/_/_/
 :: Spring Boot ::                (v3.1.4)

2024-02-21T08:26:52.571+01:00  INFO 18359 --- [           main] fr.sauvageboris.ApplicationTests         : Starting ApplicationTests using Java 17.0.2 with PID 18359 (started by sauvageb in /Users/sauvageb/Documents/Formation/FORMATION/Formation ANGULAR Fr/Tutorials_backend_spring_boot)
2024-02-21T08:26:52.573+01:00  INFO 18359 --- [           main] fr.sauvageboris.ApplicationTests         : No active profile set, falling back to 1 default profile: "default"
2024-02-21T08:26:53.443+01:00  INFO 18359 --- [           main] .s.d.r.c.RepositoryConfigurationDelegate : Bootstrapping Spring Data JPA repositories in DEFAULT mode.
2024-02-21T08:26:53.533+01:00  INFO 18359 --- [           main] .s.d.r.c.RepositoryConfigurationDelegate : Finished Spring Data repository scanning in 80 ms. Found 4 JPA repository interfaces.
2024-02-21T08:26:54.105+01:00  INFO 18359 --- [           main] o.hibernate.jpa.internal.util.LogHelper  : HHH000204: Processing PersistenceUnitInfo [name: default]
2024-02-21T08:26:54.190+01:00  INFO 18359 --- [           main] org.hibernate.Version                    : HHH000412: Hibernate ORM core version 6.2.9.Final
2024-02-21T08:26:54.192+01:00  INFO 18359 --- [           main] org.hibernate.cfg.Environment            : HHH000406: Using bytecode reflection optimizer
2024-02-21T08:26:54.391+01:00  INFO 18359 --- [           main] o.h.b.i.BytecodeProviderInitiator        : HHH000021: Bytecode provider name : bytebuddy
2024-02-21T08:26:54.586+01:00  INFO 18359 --- [           main] o.s.o.j.p.SpringPersistenceUnitInfo      : No LoadTimeWeaver setup: ignoring JPA class transformer
2024-02-21T08:26:54.608+01:00  INFO 18359 --- [           main] com.zaxxer.hikari.HikariDataSource       : HikariPool-1 - Starting...
2024-02-21T08:26:56.567+01:00  INFO 18359 --- [           main] com.zaxxer.hikari.pool.HikariPool        : HikariPool-1 - Added connection com.mysql.cj.jdbc.ConnectionImpl@472c9f88
2024-02-21T08:26:56.571+01:00  INFO 18359 --- [           main] com.zaxxer.hikari.HikariDataSource       : HikariPool-1 - Start completed.
2024-02-21T08:26:57.082+01:00  INFO 18359 --- [           main] o.h.b.i.BytecodeProviderInitiator        : HHH000021: Bytecode provider name : bytebuddy
2024-02-21T08:26:57.998+01:00  INFO 18359 --- [           main] o.h.e.t.j.p.i.JtaPlatformInitiator       : HHH000490: Using JtaPlatform implementation: [org.hibernate.engine.transaction.jta.platform.internal.NoJtaPlatform]
2024-02-21T08:26:58.002+01:00  INFO 18359 --- [           main] j.LocalContainerEntityManagerFactoryBean : Initialized JPA EntityManagerFactory for persistence unit 'default'
2024-02-21T08:26:58.598+01:00  WARN 18359 --- [           main] JpaBaseConfiguration$JpaWebConfiguration : spring.jpa.open-in-view is enabled by default. Therefore, database queries may be performed during view rendering. Explicitly configure spring.jpa.open-in-view to disable this warning
2024-02-21T08:26:58.752+01:00  INFO 18359 --- [           main] o.s.s.web.DefaultSecurityFilterChain     : Will secure any request with [org.springframework.security.web.session.DisableEncodeUrlFilter@6413eeb7, org.springframework.security.web.context.request.async.WebAsyncManagerIntegrationFilter@956cf3d, org.springframework.security.web.context.SecurityContextHolderFilter@414d466e, org.springframework.security.web.header.HeaderWriterFilter@36696821, org.springframework.web.filter.CorsFilter@712213ed, org.springframework.security.web.authentication.logout.LogoutFilter@dc3eda6, fr.sauvageboris.security.AuthJwtTokenFilter@3183a37c, org.springframework.security.web.savedrequest.RequestCacheAwareFilter@643a73fa, org.springframework.security.web.servletapi.SecurityContextHolderAwareRequestFilter@4f6a5cc9, org.springframework.security.web.authentication.AnonymousAuthenticationFilter@58189132, org.springframework.security.web.session.SessionManagementFilter@2caa9666, org.springframework.security.web.access.ExceptionTranslationFilter@39921410, org.springframework.security.web.access.intercept.AuthorizationFilter@21539796]
2024-02-21T08:26:59.564+01:00  INFO 18359 --- [           main] fr.sauvageboris.ApplicationTests         : Started ApplicationTests in 7.341 seconds (process running for 8.552)
]]></system-out>
  </testcase>
</testsuite>